メールのパスワードを再設定したいのですが、手続きを教えていただけますか？
メールのパスワードをリセットしたいんですが、手順を案内してもらえますか？
メールのパスワードを変更したいですが、どうすればいいですか？
メールアカウントのパスワードをリセットする方法を教えてください。
メールのパスワードを更新したいですが、手順を教えてください。
メールのパスワードをリセットする手続きを教えていただけますか？
メールのアクセスコードを変更したいのですが、どうしたらいいですか？
メールのパスワードを再設定する方法を教えてもらえますか？
メールのパスワードをリセットする手順について、ご教示いただけますか？
メールのパスワードを変更する手続きをお知らせください。
メールのアカウントに関連するパスワードを再設定したいですが、方法を教えていただけますか？
メールのパスワードを再設定したい場合、どのような手順を踏めばよいですか？
メールアカウントのアクセスコードをリセットする手順を案内してください。
メールのパスワードを変更したいですが、やり方を教えてもらえますか？
メールのパスワードをリセットしたい場合、手続きを指示してください。
メールのアクセスパスワードを再設定したいのですが、手順を教示していただけますか？
メールのパスワードを変更する方法を教えていただけますか？
メールのパスワードをリセットする際の手順を教えてください。
メールのアクセスコードを変更したいですが、手順を案内していただけますか？
メールのパスワードを再設定する方法を教示してください。
メールのパスワードをリセットするための手順について、ご案内いただけますか？
メールのパスワードを変更する手続きを教えてください。
メールのアカウントに関連するパスワードを再設定したいですが、やり方を教えていただけますか？
メールのパスワードを再設定する場合、どのような手順を踏めばよいですか？
メールアカウントのアクセスコードをリセットする手順をお知らせください。
メールのパスワードを変更したいですが、手順を案内していただけますでしょうか？
メールのパスワードをリセットしたい場合、手続きを指示していただけますか？
メールのアクセスパスワードを再設定したいのですが、方法を教えていただけますでしょうか？
メールのパスワードを変更する方法を教示していただけますか？
メールのパスワードをリセットする際の手順を教えてください。
