新しい機器を会社のWi-Fiに接続しようとしていますが、パスワードが必要です。お教えいただけますでしょうか？
会社のWi-Fiに新しいデバイスを接続しようとしていますが、アクセスコードが必要です。案内していただけますか？
新規デバイスを会社のWi-Fiに接続しようとしていますが、パスワードが要ります。教示していただけますでしょうか？
会社のWi-Fiに新たなデバイスを接続しようとしていますが、パスワードが必要です。案内していただけますでしょうか？
新しい端末を会社のWi-Fiに接続しようとしていますが、パスワードが必要です。教示していただけますでしょうか？
会社のWi-Fiに新しい機器を接続しようとしていますが、アクセスコードが必要です。案内していただけますか？
新規デバイスを会社のWi-Fiに接続しようとしていますが、パスワードが要ります。教示していただけますでしょうか？
会社のWi-Fiに新たな機器を接続しようとしていますが、パスワードが必要です。案内していただけますでしょうか？
新しい端末を会社のWi-Fiに接続しようとしていますが、パスワードが必要です。教示していただけますでしょうか？
会社のWi-Fiに新しい機器を接続しようとしていますが、アクセスコードが必要です。案内していただけますか？
新規デバイスを会社のWi-Fiに接続しようとしていますが、パスワードが要ります。教示していただけますでしょうか？
会社のWi-Fiに新たな機器を接続しようとしていますが、パスワードが必要です。案内していただけますでしょうか？
新しい端末を会社のWi-Fiに接続しようとしていますが、パスワードが必要です。教示していただけますでしょうか？
会社のWi-Fiに新しい機器を接続しようとしていますが、アクセスコードが必要です。案内していただけますか？
新規デバイスを会社のWi-Fiに接続しようとしていますが、パスワードが要ります。教示していただけますでしょうか？
会社のWi-Fiに新たな機器を接続しようとしていますが、パスワードが必要です。案内していただけますでしょうか？
新しい端末を会社のWi-Fiに接続しようとしていますが、パスワードが必要です。教示していただけますでしょうか？
会社のWi-Fiに新しい機器を接続しようとしていますが、アクセスコードが必要です。案内していただけますか？
新規デバイスを会社のWi-Fiに接続しようとしていますが、パスワードが要ります。教示していただけますでしょうか？
会社のWi-Fiに新たな機器を接続しようとしていますが、パスワードが必要です。案内していただけますでしょうか？
新しい端末を会社のWi-Fiに接続しようとしていますが、パスワードが必要です。教示していただけますでしょうか？
会社のWi-Fiに新しい機器を接続しようとしていますが、アクセスコードが必要です。案内していただけますか？
新規デバイスを会社のWi-Fiに接続しようとしていますが、パスワードが要ります。教示していただけますでしょうか？
会社のWi-Fiに新たな機器を接続しようとしていますが、パスワードが必要です。案内していただけますでしょうか？
新しい端末を会社のWi-Fiに接続しようとしていますが、パスワードが必要です。教示していただけますでしょうか？
会社のWi-Fiに新しい機器を接続しようとしていますが、アクセスコードが必要です。案内していただけますか？
新規デバイスを会社のWi-Fiに接続しようとしていますが、パスワードが要ります。教示していただけますでしょうか？
会社のWi-Fiに新たな機器を接続しようとしていますが、パスワードが必要です。案内していただけますでしょうか？
新しい端末を会社のWi-Fiに接続しようとしていますが、パスワードが必要です。教示していただけますでしょうか？
会社のWi-Fiに新しい機器を接続しようとしていますが、アクセスコードが必要です。
