プリンターがエラーを表示して印刷できません。対処方法を教えていただけますか？
社内のプリンターが印刷を拒否しています。解決策を教えてください。
プリンターが用紙を取り込まない問題が発生しています。修理や交換の手続きを教えてください。
プリンターがインクの交換を求めていますが、交換手順がわかりません。案内していただけますか？
プリンターが紙詰まりの警告を出していますが、どのように対処すればよいですか？
プリンターが印刷品質に問題があります。清掃や調整の方法を教えてください。
社内のプリンターが印刷ジョブをキューに入れたまま動作しません。トラブルシューティングのアドバイスをお願いします。
プリンターが印刷中にエラーを表示して停止しました。解決策を教えてください。
プリンターが印刷するとページに線が入ります。これを修正する方法を教えていただけますか？
プリンターが電源を入れても起動しない状態です。修理や交換の手続きを案内していただけますか？
プリンターが接続されているにもかかわらず、コンピューターから認識されません。解決策を教えてください。
プリンターが印刷ジョブを受け付けない状態です。対処方法を教示していただけますか？
プリンターがインクカートリッジを認識しない状態です。修理や交換の手続きをお教えください。
プリンターが印刷品質に問題があります。トナーカートリッジの交換方法を教えてください。
プリンターが印刷中に用紙を引き込んだまま動作しません。トラブルシューティングのアドバイスをお願いします。
プリンターがエラーを表示しており、その内容が理解できません。解決策を教えてください。
プリンターがインクが切れたと警告していますが、交換の手順が不明です。案内していただけますか？
プリンターが紙詰まりを起こしましたが、取り除く方法を教えてください。
プリンターが印刷品質が低下しています。清掃や調整の方法を教示していただけますか？
プリンターが印刷ジョブを処理中に停止しました。対処方法を教えてください。
プリンターが用紙を取り込む際に引っかかる問題が発生しています。修理や交換の手続きをお知らせください。
プリンターが印刷を受け付けない状態です。対処方法を教えてください。
プリンターがインクの交換を求めていますが、交換方法が不明です。案内していただけますか？
プリンターが印刷中に異音を発します。トラブルシューティングのアドバイスをお願いします。
プリンターが印刷ジョブをキューに入れたまま動作しません。解決策を教示していただけますか？
プリンターが電源を入れたにもかかわらず、起動しません。修理や交換の手続きを案内していただけますか？
プリンターがコンピューターとの接続が途切れてしまいます。解決策を教えてください。
プリンターが印刷品質が低下しています。トナーカートリッジの交換方法をお知らせください。
プリンターが印刷中に用紙がジャムしてしまいます。トラブルシューティングのアドバイスをお願いします。
プリンターがエラーを表示して停止しましたが、原因が分かりません。解決策を教えてください。
