社内の共有フォルダにアクセスできない状況です。対処方法を教えていただけますか？
共有フォルダへのアクセスが拒否されています。解決策をお知らせください。
社内ネットワーク上の共有フォルダに接続できません。トラブルシューティングのアドバイスをいただけますか？
共有フォルダへのアクセスに失敗しました。問題の解決方法を教えてください。
社内の共有フォルダにアクセスすることができません。サポートが必要です。
共有フォルダへのアクセスがブロックされています。解除方法を教示していただけますか？
社内ネットワーク上の共有フォルダに接続できない状態です。トラブルシューティングのサポートをお願いします。
共有フォルダにアクセスしようとすると、エラーメッセージが表示されます。解決策を教えてください。
社内の共有フォルダに接続できず、情報へのアクセスが制限されています。支援が必要です。
共有フォルダへのアクセスができない状況です。問題の修正方法を案内していただけますか？
社内ネットワーク上の共有フォルダに接続できない問題が発生しています。解決策を教えてください。
共有フォルダへのアクセスに障害があります。対処方法を教示していただけますでしょうか？
社内の共有フォルダにアクセスできない状態が続いています。サポートをお願いいたします。
共有フォルダへのアクセスがブロックされているようです。解除手順を案内していただけますか？
社内ネットワーク上の共有フォルダに接続できない問題に直面しています。サポートが必要です。
共有フォルダにアクセスするための権限が不足しているようです。権限の修正方法を教えてください。
社内の共有フォルダにアクセスできない状況が続いています。トラブルシューティングのサポートをお願いします。
共有フォルダへのアクセスがブロックされています。解除手続きを教示していただけますか？
社内ネットワーク上の共有フォルダに接続できない問題が発生しています。解決策をお知らせください。
共有フォルダへのアクセスが拒否されています。解決方法を教えてください。
社内の共有フォルダにアクセスできない状況が続いています。サポートをお願いいたします。
共有フォルダへのアクセスがブロックされているようです。解除手順を案内していただけますか？
社内ネットワーク上の共有フォルダに接続できない問題が発生しています。サポートが必要です。
共有フォルダへのアクセスに障害があります。対処方法を教示していただけますでしょうか？
社内の共有フォルダにアクセスできない状況が続いています。トラブルシューティングのサポートをお願いします。
共有フォルダへのアクセスがブロックされています。解除手続きを教示していただけますか？
社内ネットワーク上の共有フォルダに接続できない問題が発生しています。解決策をお知らせください。
共有フォルダへのアクセスが拒否されています。解決方法を教えてください。
社内の共有フォルダにアクセスできない状況が続いています。サポートをお願いいたします。
共有フォルダへのアクセスがブロックされているようです。解除手順を案内していただけますか？
